0 info it worked if it ends with ok
1 verbose cli [ '/usr/local/bin/node',
1 verbose cli   '/usr/local/bin/npm',
1 verbose cli   'install',
1 verbose cli   '-g',
1 verbose cli   'cloc' ]
2 info using npm@2.15.1
3 info using node@v4.4.4
4 verbose install initial load of /usr/local/lib/package.json
5 verbose readDependencies loading dependencies from /usr/local/lib/package.json
6 silly cache add args [ 'cloc', null ]
7 verbose cache add spec cloc
8 silly cache add parsed spec Result {
8 silly cache add   raw: 'cloc',
8 silly cache add   scope: null,
8 silly cache add   name: 'cloc',
8 silly cache add   rawSpec: '',
8 silly cache add   spec: 'latest',
8 silly cache add   type: 'tag' }
9 silly addNamed cloc@latest
10 verbose addNamed "latest" is being treated as a dist-tag for cloc
11 info addNameTag [ 'cloc', 'latest' ]
12 silly mapToRegistry name cloc
13 silly mapToRegistry using default registry
14 silly mapToRegistry registry https://registry.npmjs.org/
15 silly mapToRegistry data Result {
15 silly mapToRegistry   raw: 'cloc',
15 silly mapToRegistry   scope: null,
15 silly mapToRegistry   name: 'cloc',
15 silly mapToRegistry   rawSpec: '',
15 silly mapToRegistry   spec: 'latest',
15 silly mapToRegistry   type: 'tag' }
16 silly mapToRegistry uri https://registry.npmjs.org/cloc
17 verbose addNameTag registry:https://registry.npmjs.org/cloc not in flight; fetching
18 verbose request uri https://registry.npmjs.org/cloc
19 verbose request no auth needed
20 info attempt registry request try #1 at 11:12:27 PM
21 verbose request id 769dcd97226667de
22 http request GET https://registry.npmjs.org/cloc
23 http 200 https://registry.npmjs.org/cloc
24 verbose headers { server: 'CouchDB/1.5.0 (Erlang OTP/R16B03)',
24 verbose headers   etag: '"C13UWA9G9FCMGI50PQTWOX138"',
24 verbose headers   'content-type': 'application/json',
24 verbose headers   'content-encoding': 'gzip',
24 verbose headers   'cache-control': 'max-age=300',
24 verbose headers   'content-length': '9443',
24 verbose headers   'accept-ranges': 'bytes',
24 verbose headers   date: 'Wed, 20 Jul 2016 21:12:27 GMT',
24 verbose headers   via: '1.1 varnish',
24 verbose headers   age: '0',
24 verbose headers   connection: 'keep-alive',
24 verbose headers   'x-served-by': 'cache-fra1244-FRA',
24 verbose headers   'x-cache': 'MISS',
24 verbose headers   'x-cache-hits': '0',
24 verbose headers   'x-timer': 'S1469049147.132369,VS0,VE194',
24 verbose headers   vary: 'Accept-Encoding' }
25 silly get cb [ 200,
25 silly get   { server: 'CouchDB/1.5.0 (Erlang OTP/R16B03)',
25 silly get     etag: '"C13UWA9G9FCMGI50PQTWOX138"',
25 silly get     'content-type': 'application/json',
25 silly get     'content-encoding': 'gzip',
25 silly get     'cache-control': 'max-age=300',
25 silly get     'content-length': '9443',
25 silly get     'accept-ranges': 'bytes',
25 silly get     date: 'Wed, 20 Jul 2016 21:12:27 GMT',
25 silly get     via: '1.1 varnish',
25 silly get     age: '0',
25 silly get     connection: 'keep-alive',
25 silly get     'x-served-by': 'cache-fra1244-FRA',
25 silly get     'x-cache': 'MISS',
25 silly get     'x-cache-hits': '0',
25 silly get     'x-timer': 'S1469049147.132369,VS0,VE194',
25 silly get     vary: 'Accept-Encoding' } ]
26 verbose get saving cloc to /Users/Florian/.npm/registry.npmjs.org/cloc/.cache.json
27 verbose correctMkdir /Users/Florian/.npm correctMkdir not in flight; initializing
28 silly addNameTag next cb for cloc with tag latest
29 silly addNamed cloc@2.1.0
30 verbose addNamed "2.1.0" is a plain semver version for cloc
31 silly mapToRegistry name cloc
32 silly mapToRegistry using default registry
33 silly mapToRegistry registry https://registry.npmjs.org/
34 silly mapToRegistry data Result {
34 silly mapToRegistry   raw: 'cloc',
34 silly mapToRegistry   scope: null,
34 silly mapToRegistry   name: 'cloc',
34 silly mapToRegistry   rawSpec: '',
34 silly mapToRegistry   spec: 'latest',
34 silly mapToRegistry   type: 'tag' }
35 silly mapToRegistry uri https://registry.npmjs.org/cloc
36 verbose addRemoteTarball https://registry.npmjs.org/cloc/-/cloc-2.1.0.tgz not in flight; adding
37 verbose addRemoteTarball [ 'https://registry.npmjs.org/cloc/-/cloc-2.1.0.tgz',
37 verbose addRemoteTarball   '0fca7e9dd57873a38adc5bd74e4d4dc968e3bf5c' ]
38 info retry fetch attempt 1 at 11:12:27 PM
39 info attempt registry request try #1 at 11:12:27 PM
40 http fetch GET https://registry.npmjs.org/cloc/-/cloc-2.1.0.tgz
41 http fetch 200 https://registry.npmjs.org/cloc/-/cloc-2.1.0.tgz
42 silly fetchAndShaCheck shasum 0fca7e9dd57873a38adc5bd74e4d4dc968e3bf5c
43 verbose addTmpTarball /var/folders/xg/2z2jdr8n1b70sg8bfdx0rgyr0000gn/T/npm-29866-35e6cfbf/registry.npmjs.org/cloc/-/cloc-2.1.0.tgz not in flight; adding
44 verbose addTmpTarball already have metadata; skipping unpack for cloc@2.1.0
45 verbose correctMkdir /Users/Florian/.npm correctMkdir not in flight; initializing
46 silly cache afterAdd cloc@2.1.0
47 verbose afterAdd /Users/Florian/.npm/cloc/2.1.0/package/package.json not in flight; writing
48 verbose correctMkdir /Users/Florian/.npm correctMkdir not in flight; initializing
49 verbose afterAdd /Users/Florian/.npm/cloc/2.1.0/package/package.json written
50 silly install resolved [ { name: 'cloc',
50 silly install resolved     version: '2.1.0',
50 silly install resolved     description: 'An npm module for distributing cloc by Al Danial http://cloc.sourceforge.net/',
50 silly install resolved     main: 'lib/cloc',
50 silly install resolved     scripts:
50 silly install resolved      { release: 'with-package git commit -am pkg.version && with-package git tag pkg.version && git push && npm publish && git push --tags',
50 silly install resolved        'release:beta': 'npm run release && npm run tag:beta',
50 silly install resolved        'tag:beta': 'with-package npm dist-tag add pkg.name@pkg.version beta',
50 silly install resolved        test: 'echo "Error: no test specified" && exit 1' },
50 silly install resolved     bin: { cloc: 'lib/cloc' },
50 silly install resolved     repository: { type: 'git', url: 'git://github.com/kentcdodds/cloc.git' },
50 silly install resolved     keywords: [ 'cloc', 'count lines of code', 'lines of code', 'loc' ],
50 silly install resolved     author:
50 silly install resolved      { name: 'Kent C. Dodds',
50 silly install resolved        email: 'kent@doddsfamily.us',
50 silly install resolved        url: 'http://kentcdodds.com' },
50 silly install resolved     license: 'GPL-2.0',
50 silly install resolved     bugs: { url: 'https://github.com/kentcdodds/cloc/issues' },
50 silly install resolved     homepage: 'https://github.com/kentcdodds/cloc#readme',
50 silly install resolved     devDependencies: { 'with-package': '0.2.0' },
50 silly install resolved     gitHead: 'bb773db289f6e454b63b4b1e9f3c4c2155cd9ae4',
50 silly install resolved     _id: 'cloc@2.1.0',
50 silly install resolved     _shasum: '0fca7e9dd57873a38adc5bd74e4d4dc968e3bf5c',
50 silly install resolved     _from: 'cloc@latest',
50 silly install resolved     _npmVersion: '3.10.3',
50 silly install resolved     _nodeVersion: '6.3.0',
50 silly install resolved     _npmUser: { name: 'kentcdodds', email: 'kent@doddsfamily.us' },
50 silly install resolved     dist:
50 silly install resolved      { shasum: '0fca7e9dd57873a38adc5bd74e4d4dc968e3bf5c',
50 silly install resolved        tarball: 'https://registry.npmjs.org/cloc/-/cloc-2.1.0.tgz' },
50 silly install resolved     maintainers: [ [Object] ],
50 silly install resolved     _npmOperationalInternal:
50 silly install resolved      { host: 'packages-16-east.internal.npmjs.com',
50 silly install resolved        tmp: 'tmp/cloc-2.1.0.tgz_1468941070971_0.8317410869058222' },
50 silly install resolved     directories: {},
50 silly install resolved     _resolved: 'https://registry.npmjs.org/cloc/-/cloc-2.1.0.tgz' } ]
51 info install cloc@2.1.0 into /usr/local/lib
52 info installOne cloc@2.1.0
53 verbose installOne of cloc to /usr/local/lib not in flight; installing
54 verbose correctMkdir /Users/Florian/.npm/_locks correctMkdir not in flight; initializing
55 verbose lock using /Users/Florian/.npm/_locks/cloc-93ce6ac6ba5d589b.lock for /usr/local/lib/node_modules/cloc
56 silly install write writing cloc 2.1.0 to /usr/local/lib/node_modules/cloc
57 verbose unbuild lib/node_modules/cloc
58 silly gentlyRm /usr/local/lib/node_modules/cloc is being purged from base /usr/local
59 verbose gentlyRm don't care about contents; nuking /usr/local/lib/node_modules/cloc
60 verbose tar unpack /Users/Florian/.npm/cloc/2.1.0/package.tgz
61 verbose tar unpacking to /usr/local/lib/node_modules/cloc
62 silly gentlyRm /usr/local/lib/node_modules/cloc is being purged
63 verbose gentlyRm don't care about contents; nuking /usr/local/lib/node_modules/cloc
64 silly gunzTarPerm modes [ '755', '644' ]
65 error tar.unpack untar error /Users/Florian/.npm/cloc/2.1.0/package.tgz
66 verbose unlock done using /Users/Florian/.npm/_locks/cloc-93ce6ac6ba5d589b.lock for /usr/local/lib/node_modules/cloc
67 verbose fstream_path /usr/local/lib/node_modules/cloc
68 verbose fstream_type Directory
69 verbose fstream_class DirWriter
70 verbose stack Error: EACCES: permission denied, mkdir '/usr/local/lib/node_modules/cloc'
70 verbose stack     at Error (native)
71 verbose fstream_stack /usr/local/lib/node_modules/npm/node_modules/fstream/lib/dir-writer.js:35:25
71 verbose fstream_stack /usr/local/lib/node_modules/npm/node_modules/mkdirp/index.js:47:53
71 verbose fstream_stack FSReqWrap.oncomplete (fs.js:82:15)
72 verbose cwd /Users/Florian/Developer/Now
73 error Darwin 15.6.0
74 error argv "/usr/local/bin/node" "/usr/local/bin/npm" "install" "-g" "cloc"
75 error node v4.4.4
76 error npm  v2.15.1
77 error path /usr/local/lib/node_modules/cloc
78 error code EACCES
79 error errno -13
80 error syscall mkdir
81 error Error: EACCES: permission denied, mkdir '/usr/local/lib/node_modules/cloc'
81 error     at Error (native)
81 error  { [Error: EACCES: permission denied, mkdir '/usr/local/lib/node_modules/cloc']
81 error   errno: -13,
81 error   code: 'EACCES',
81 error   syscall: 'mkdir',
81 error   path: '/usr/local/lib/node_modules/cloc',
81 error   fstream_type: 'Directory',
81 error   fstream_path: '/usr/local/lib/node_modules/cloc',
81 error   fstream_class: 'DirWriter',
81 error   fstream_stack:
81 error    [ '/usr/local/lib/node_modules/npm/node_modules/fstream/lib/dir-writer.js:35:25',
81 error      '/usr/local/lib/node_modules/npm/node_modules/mkdirp/index.js:47:53',
81 error      'FSReqWrap.oncomplete (fs.js:82:15)' ] }
82 error Please try running this command again as root/Administrator.
83 verbose exit [ -13, true ]
84 verbose unbuild lib/node_modules/cloc
85 silly gentlyRm /usr/local/lib/node_modules/cloc is being purged from base /usr/local
86 verbose gentlyRm don't care about contents; nuking /usr/local/lib/node_modules/cloc
